<?xml version="1.0" encoding="UTF-8"?>
<!-- Generated by org.testng.reporters.JUnitReportReporter -->
<testsuite hostname="LAPTOP-92E5NKS2" failures="0" tests="1" name="com.selelnium.TestCase.AlertDemo" time="5.696" errors="0" timestamp="17 May 2022 06:33:48 GMT" skipped="0">
  <testcase classname="com.selelnium.TestCase.AlertDemo" name="alert_check" time="5.696"/>
</testsuite> <!-- com.selelnium.TestCase.AlertDemo -->
