<?xml version="1.0" encoding="UTF-8"?>
<!-- Generated by org.testng.reporters.JUnitReportReporter -->
<testsuite hostname="LAPTOP-92E5NKS2" failures="0" tests="1" name="com.selelnium.TestCase.AlertDemo" time="9.016" errors="0" timestamp="17 May 2022 11:31:58 GMT" skipped="0">
  <testcase classname="com.selelnium.TestCase.AlertDemo" name="alert_check" time="9.016"/>
</testsuite> <!-- com.selelnium.TestCase.AlertDemo -->
