<?xml version="1.0" encoding="UTF-8"?>
<!-- Generated by org.testng.reporters.JUnitReportReporter -->
<testsuite hostname="LAPTOP-92E5NKS2" failures="0" tests="1" name="com.selelnium.TestCase.AlertDemo" time="3.171" errors="0" timestamp="18 May 2022 06:39:32 GMT" skipped="0">
  <testcase classname="com.selelnium.TestCase.AlertDemo" name="alert_check" time="3.171"/>
</testsuite> <!-- com.selelnium.TestCase.AlertDemo -->
